[INFO] DATABASE object has been created...
[LOG] 
[INFO] DATABASE object has been created...
[LOG] beta.db
[INFO] MENU object has been created...
[INFO] DATABASE object has been created...
[LOG] beta.db
[INFO] MENU object has been created...
[ERROR] Invalid option
[INFO] DATABASE object has been created...
[LOG] beta.db
[INFO] MENU object has been created...
[ERROR] Invalid option
[INFO] DATABASE object has been created...
[LOG] beta.db
[INFO] MENU object has been created...
[INFO] DATABASE object has been created...
[LOG] beta.db
[INFO] MENU object has been created...
[INFO] DATABASE object has been created...
[LOG] beta.db
[INFO] DATABASE object has been created...
[LOG] beta.db
[INFO] DATABASE object has been created...
[LOG] beta.db
[INFO] DATABASE object has been created...
[LOG] beta.db
[INFO] DATABASE object has been created...
[LOG] beta.db
[INFO] DATABASE object has been created...
[LOG] beta.db
[INFO] DATABASE object has been created...
[LOG] beta.db
[INFO] DATABASE object has been created...
[LOG] beta.db
[INFO] DATABASE object has been created...
[LOG] beta.db
[INFO] DATABASE object has been created...
[LOG] beta.db
[INFO] MENU object has been created...
[INFO] DATABASE object has been created...
[LOG] beta.db
[INFO] DATABASE object has been created...
[LOG] beta.db
[INFO] DATABASE object has been created...
[LOG] beta.db
[INFO] MENU object has been created...
[INFO] DATABASE object has been created...
[LOG] beta.db
[INFO] MENU object has been created...
[INFO] DATABASE object has been created...
[LOG] beta.db
[INFO] MENU object has been created...
[INFO] DATABASE object has been created...
[LOG] beta.db
[INFO] DATABASE object has been created...
[LOG] beta.db
[INFO] MENU object has been created...
[ERROR] Invalid option
[INFO] DATABASE object has been created...
[LOG] beta.db
[INFO] DATABASE object has been created...
[LOG] beta.db
[INFO] MENU object has been created...
[INFO] DATABASE object has been created...
[LOG] beta.db
[INFO] MENU object has been created...
[INFO] DATABASE object has been created...
[LOG] beta.db
[INFO] DATABASE object has been created...
[LOG] beta.db
[INFO] MENU object has been created...
[INFO] DATABASE object has been created...
[LOG] beta.db
[INFO] DATABASE object has been created...
[LOG] beta.db
[INFO] DATABASE object has been created...
[LOG] beta.db
[INFO] DATABASE object has been created...
[LOG] beta.db
